<?xml version="1.0" encoding="UTF-8"?>
<testng-results ignored="0" total="7" passed="7" failed="0" skipped="0">
  <reporter-output>
  </reporter-output>
  <suite started-at="2024-11-18T15:02:42 IST" name="Default suite" finished-at="2024-11-18T15:03:54 IST" duration-ms="72621">
    <groups>
      <group name="cucumber">
        <method signature="AbstractTestNGCucumberTests.runScenario(io.cucumber.testng.PickleWrapper,io.cucumber.testng.FeatureWrapper)[pri:0, instance:com.nagarro.BDDTesting.TestRunner@2892d68]" name="runScenario" class="io.cucumber.testng.AbstractTestNGCucumberTests"/>
      </group> <!-- cucumber -->
    </groups>
    <test started-at="2024-11-18T15:02:42 IST" name="Default test" finished-at="2024-11-18T15:03:54 IST" duration-ms="72621">
      <class name="com.nagarro.BDDTesting.TestRunner">
        <test-method is-config="true" signature="setUpClass(org.testng.ITestContext)[pri:0, instance:com.nagarro.BDDTesting.TestRunner@2892d68]" started-at="2024-11-18T15:02:42 IST" name="setUpClass" finished-at="2024-11-18T15:02:42 IST" duration-ms="611" status="PASS">
          <params>
            <param index="0">
              <value>
                <![CDATA[org.testng.TestRunner@5e5ddfbc]]>
              </value>
            </param>
          </params>
          <reporter-output>
          </reporter-output>
        </test-method> <!-- setUpClass -->
        <test-method signature="runScenario(io.cucumber.testng.PickleWrapper,io.cucumber.testng.FeatureWrapper)[pri:0, instance:com.nagarro.BDDTesting.TestRunner@2892d68]" started-at="2024-11-18T15:02:42 IST" name="runScenario" description="Runs Cucumber Scenarios" data-provider="scenarios" finished-at="2024-11-18T15:02:51 IST" duration-ms="8737" status="PASS">
          <params>
            <param index="0">
              <value>
                <![CDATA["User should be able to change the Pincode for delivery purpose"]]>
              </value>
            </param>
            <param index="1">
              <value>
                <![CDATA["work around various features present on the homepage"]]>
              </value>
            </param>
          </params>
          <reporter-output>
          </reporter-output>
        </test-method> <!-- runScenario -->
        <test-method signature="runScenario(io.cucumber.testng.PickleWrapper,io.cucumber.testng.FeatureWrapper)[pri:0, instance:com.nagarro.BDDTesting.TestRunner@2892d68]" started-at="2024-11-18T15:02:51 IST" name="runScenario" description="Runs Cucumber Scenarios" data-provider="scenarios" finished-at="2024-11-18T15:03:00 IST" duration-ms="8450" status="PASS">
          <params>
            <param index="0">
              <value>
                <![CDATA["User should be able to change the Pincode for delivery purpose"]]>
              </value>
            </param>
            <param index="1">
              <value>
                <![CDATA["work around various features present on the homepage"]]>
              </value>
            </param>
          </params>
          <reporter-output>
          </reporter-output>
        </test-method> <!-- runScenario -->
        <test-method signature="runScenario(io.cucumber.testng.PickleWrapper,io.cucumber.testng.FeatureWrapper)[pri:0, instance:com.nagarro.BDDTesting.TestRunner@2892d68]" started-at="2024-11-18T15:03:00 IST" name="runScenario" description="Runs Cucumber Scenarios" data-provider="scenarios" finished-at="2024-11-18T15:03:08 IST" duration-ms="8140" status="PASS">
          <params>
            <param index="0">
              <value>
                <![CDATA["User should be able to change the Pincode for delivery purpose"]]>
              </value>
            </param>
            <param index="1">
              <value>
                <![CDATA["work around various features present on the homepage"]]>
              </value>
            </param>
          </params>
          <reporter-output>
          </reporter-output>
        </test-method> <!-- runScenario -->
        <test-method signature="runScenario(io.cucumber.testng.PickleWrapper,io.cucumber.testng.FeatureWrapper)[pri:0, instance:com.nagarro.BDDTesting.TestRunner@2892d68]" started-at="2024-11-18T15:03:08 IST" name="runScenario" description="Runs Cucumber Scenarios" data-provider="scenarios" finished-at="2024-11-18T15:03:18 IST" duration-ms="9808" status="PASS">
          <params>
            <param index="0">
              <value>
                <![CDATA["User should be able to login to the application with valid credentials"]]>
              </value>
            </param>
            <param index="1">
              <value>
                <![CDATA["Login to the application"]]>
              </value>
            </param>
          </params>
          <reporter-output>
          </reporter-output>
        </test-method> <!-- runScenario -->
        <test-method signature="runScenario(io.cucumber.testng.PickleWrapper,io.cucumber.testng.FeatureWrapper)[pri:0, instance:com.nagarro.BDDTesting.TestRunner@2892d68]" started-at="2024-11-18T15:03:18 IST" name="runScenario" description="Runs Cucumber Scenarios" data-provider="scenarios" finished-at="2024-11-18T15:03:24 IST" duration-ms="6356" status="PASS">
          <params>
            <param index="0">
              <value>
                <![CDATA["User should not be able to login to the application with Invalid credentials"]]>
              </value>
            </param>
            <param index="1">
              <value>
                <![CDATA["Login to the application"]]>
              </value>
            </param>
          </params>
          <reporter-output>
          </reporter-output>
        </test-method> <!-- runScenario -->
        <test-method signature="runScenario(io.cucumber.testng.PickleWrapper,io.cucumber.testng.FeatureWrapper)[pri:0, instance:com.nagarro.BDDTesting.TestRunner@2892d68]" started-at="2024-11-18T15:03:24 IST" name="runScenario" description="Runs Cucumber Scenarios" data-provider="scenarios" finished-at="2024-11-18T15:03:40 IST" duration-ms="15650" status="PASS">
          <params>
            <param index="0">
              <value>
                <![CDATA["User should be able to add a product to the cart"]]>
              </value>
            </param>
            <param index="1">
              <value>
                <![CDATA["Add/Buy a product to cart"]]>
              </value>
            </param>
          </params>
          <reporter-output>
          </reporter-output>
        </test-method> <!-- runScenario -->
        <test-method signature="runScenario(io.cucumber.testng.PickleWrapper,io.cucumber.testng.FeatureWrapper)[pri:0, instance:com.nagarro.BDDTesting.TestRunner@2892d68]" started-at="2024-11-18T15:03:40 IST" name="runScenario" description="Runs Cucumber Scenarios" data-provider="scenarios" finished-at="2024-11-18T15:03:54 IST" duration-ms="14691" status="PASS">
          <params>
            <param index="0">
              <value>
                <![CDATA["User should not be able to buy a product without logging in"]]>
              </value>
            </param>
            <param index="1">
              <value>
                <![CDATA["Add/Buy a product to cart"]]>
              </value>
            </param>
          </params>
          <reporter-output>
          </reporter-output>
        </test-method> <!-- runScenario -->
        <test-method is-config="true" signature="tearDownClass()[pri:0, instance:com.nagarro.BDDTesting.TestRunner@2892d68]" started-at="2024-11-18T15:03:54 IST" name="tearDownClass" finished-at="2024-11-18T15:03:54 IST" duration-ms="125" status="PASS">
          <reporter-output>
          </reporter-output>
        </test-method> <!-- tearDownClass -->
      </class> <!-- com.nagarro.BDDTesting.TestRunner -->
    </test> <!-- Default test -->
  </suite> <!-- Default suite -->
</testng-results>
